0 info it worked if it ends with ok
1 verbose cli [ 'C:\\Program Files\\nodejs\\node.exe',
1 verbose cli   'C:\\Program Files\\nodejs\\node_modules\\npm\\bin\\npm-cli.js',
1 verbose cli   'test' ]
2 info using npm@3.10.10
3 info using node@v7.2.1
4 verbose run-script [ 'pretest', 'test', 'posttest' ]
5 info lifecycle angular-quickstart@1.0.0~pretest: angular-quickstart@1.0.0
6 silly lifecycle angular-quickstart@1.0.0~pretest: no script for pretest, continuing
7 info lifecycle angular-quickstart@1.0.0~test: angular-quickstart@1.0.0
8 verbose lifecycle angular-quickstart@1.0.0~test: unsafe-perm in lifecycle true
9 verbose lifecycle angular-quickstart@1.0.0~test: PATH: C:\Program Files\nodejs\node_modules\npm\bin\node-gyp-bin;C:\Users\Dipjyoti\WebstormProjects\quickstart\node_modules\.bin;C:\oraclexe\app\oracle\product\11.2.0\server\bin;;C:\Users\Dipjyoti\AppData\Roaming\Oracle\ATS\bin;C:\oraclexe\app\oracle\product\11.2.0\server\bin;C:\ProgramData\Oracle\Java\javapath;C:\Program Files\Dell\DW WLAN Card;C:\Windows\system32;C:\Windows;C:\Windows\System32\Wbem;C:\Windows\System32\WindowsPowerShell\v1.0\;C:\Program Files (x86)\AMD\ATI.ACE\Core-Static;C:\Program Files\WIDCOMM\Bluetooth Software\;C:\Program Files\WIDCOMM\Bluetooth Software\syswow64;C:\Program Files (x86)\Skype\Phone\;C:\Program Files\PostgreSQL\pg95\bin;C:\Resourses\ApacheMaven\bin;C:\Resourses\ApacheAnt\bin;C:\Program Files\Java\jdk1.8.0_101\bin;C:\Resourses\gradle\bin;C:\Program Files (x86)\MySQL\MySQL Fabric 1.5 & MySQL Utilities 1.5\;C:\Program Files (x86)\MySQL\MySQL Fabric 1.5 & MySQL Utilities 1.5\Doctrine extensions for PHP\;C:\Users\Dipjyoti\AppData\Local\Android\sdk\tools;C:\Users\Dipjyoti\AppData\Local\Android\sdk\platform-tools;C:\Resourses\apache-activemq-5.14.0\bin;C:\Program Files (x86)\GitExtensions\;C:\Program Files\Microsoft SQL Server\120\Tools\Binn\;C:\Program Files\Microsoft SQL Server\130\Tools\Binn\;C:\Program Files\nodejs\;C:\Program Files\dotnet\;C:\Users\Dipjyoti\AppData\Local\Programs\Python\Python35-32\Scripts\;C:\Users\Dipjyoti\AppData\Local\Programs\Python\Python35-32\;C:\Users\Dipjyoti\AppData\Roaming\npm;C:\Program Files\Git\bin;C:\Program Files (x86)\Microsoft VS Code\bin
10 verbose lifecycle angular-quickstart@1.0.0~test: CWD: C:\Users\Dipjyoti\WebstormProjects\quickstart
11 silly lifecycle angular-quickstart@1.0.0~test: Args: [ '/d /s /c',
11 silly lifecycle   'tsc && concurrently "tsc -w" "karma start karma.conf.js"' ]
12 verbose stack Error: kill ENOSYS
12 verbose stack     at exports._errnoException (util.js:1022:11)
12 verbose stack     at process.kill (internal/process.js:173:13)
12 verbose stack     at process.listener (C:\Program Files\nodejs\node_modules\npm\node_modules\npmlog\node_modules\gauge\node_modules\signal-exit\index.js:86:15)
12 verbose stack     at emitNone (events.js:91:20)
12 verbose stack     at process.emit (events.js:185:7)
12 verbose stack     at processEmit (C:\Program Files\nodejs\node_modules\npm\node_modules\npmlog\node_modules\gauge\node_modules\signal-exit\index.js:146:32)
12 verbose stack     at processEmit (C:\Program Files\nodejs\node_modules\npm\node_modules\npm-registry-client\node_modules\npmlog\node_modules\gauge\node_modules\signal-exit\index.js:146:32)
12 verbose stack     at Signal.wrap.onsignal (internal/process.js:200:44)
13 verbose cwd C:\Users\Dipjyoti\WebstormProjects\quickstart
14 error Windows_NT 6.3.9600
15 error argv "C:\\Program Files\\nodejs\\node.exe" "C:\\Program Files\\nodejs\\node_modules\\npm\\bin\\npm-cli.js" "test"
16 error node v7.2.1
17 error npm  v3.10.10
18 error code ENOSYS
19 error errno ENOSYS
20 error syscall kill
21 error kill ENOSYS
22 error If you need help, you may report this error at:
22 error     <https://github.com/npm/npm/issues>
23 verbose exit [ 1, true ]
